<?xml version="1.0" encoding="UTF-8"?>
<testsuite xmlns:xsi="http://www.w3.org/2001/XMLSchema-instance" xsi:noNamespaceSchemaLocation="https://maven.apache.org/surefire/maven-surefire-plugin/xsd/surefire-test-report.xsd" name="runner.TestRunner" time="54.481" tests="14" errors="0" skipped="0" failures="0">
  <properties>
[...]
</properties>
  <testcase name="Login with valid credentials #1" classname="Login functionality" time="4.304"/>
  <testcase name="Login with valid credentials #2" classname="Login functionality" time="3.371"/>
  <testcase name="Login with valid credentials #3" classname="Login functionality" time="3.563"/>
  <testcase name="Login with invalid credentials" classname="Login functionality" time="4.377"/>
  <testcase name="Login with valid email and invalid password" classname="Login functionality" time="3.502"/>
  <testcase name="Login with invalid email and valid password" classname="Login functionality" time="3.185"/>
  <testcase name="Login without providing any credentials" classname="Login functionality" time="3.336"/>
  <testcase name="User creates an account only with mandatory fields" classname="Register functionality" time="4.027"/>
  <testcase name="User creates an account with all fields" classname="Register functionality" time="4.159"/>
  <testcase name="User creates a duplicate account" classname="Register functionality" time="4.605"/>
  <testcase name="User creates an account without filling any details" classname="Register functionality" time="3.604"/>
  <testcase name="User searches for a valid product" classname="Search functionality" time="3.252"/>
  <testcase name="User searches for a invalid product" classname="Search functionality" time="2.994"/>
  <testcase name="User searches without any product" classname="Search functionality" time="2.545"/>
</testsuite>